This file contains any messages produced by compilers while
running configure, to aid debugging if configure makes a mistake.

It was created by libnl-doc configure 3.2.22, which was
generated by GNU Autoconf 2.69.  Invocation command line was

  $ ./configure --disable-option-checking --prefix=/usr PKG_CONFIG_PATH=:/usr/X11R7/lib/pkgconfig/ --cache-file=/dev/null --srcdir=.

## --------- ##
## Platform. ##
## --------- ##

hostname = ns2
uname -m = i686
uname -r = 3.4.9-x86-smp
uname -s = Linux
uname -v = #1 SMP PREEMPT Sat Aug 18 16:18:05 SAST 2012

/usr/bin/uname -p = unknown
/bin/uname -X     = unknown

/bin/arch              = i686
/usr/bin/arch -k       = unknown
/usr/convex/getsysinfo = unknown
/usr/bin/hostinfo      = unknown
/bin/machine           = unknown
/usr/bin/oslevel       = unknown
/bin/universe          = unknown

PATH: /usr/lib/jvm/jdk-1.7.0_09//bin
PATH: /usr/local/sbin
PATH: /usr/sbin
PATH: /sbin
PATH: /usr/local/bin
PATH: /usr/bin
PATH: /bin
PATH: /usr/X11R7/bin
PATH: /opt/sophos/bin


## ----------- ##
## Core tests. ##
## ----------- ##

configure:2141: checking for a BSD-compatible install
configure:2209: result: /usr/bin/ginstall -c
configure:2220: checking whether build environment is sane
configure:2275: result: yes
configure:2426: checking for a thread-safe mkdir -p
configure:2465: result: /usr/bin/mkdir -p
configure:2472: checking for gawk
configure:2488: found /usr/bin/gawk
configure:2499: result: gawk
configure:2510: checking whether make sets $(MAKE)
configure:2532: result: yes
configure:2561: checking whether make supports nested variables
configure:2578: result: yes
configure:2673: checking whether make supports nested variables
configure:2690: result: yes
configure:2771: checking for a sed that does not truncate output
configure:2835: result: /usr/bin/sed
configure:2840: checking for grep that handles long lines and -e
configure:2898: result: /usr/bin/grep
configure:2903: checking for egrep
configure:2965: result: /usr/bin/grep -E
configure:2983: checking for style of include used by make
configure:3011: result: GNU
configure:3082: checking for gcc
configure:3098: found /usr/bin/gcc
configure:3109: result: gcc
configure:3338: checking for C compiler version
configure:3347: gcc --version >&5
gcc (GCC) 4.8.1 20130530 (prerelease)
Copyright (C) 2013 Free Software Foundation, Inc.
This is free software; see the source for copying conditions.  There is NO
warranty; not even for MERCHANTABILITY or FITNESS FOR A PARTICULAR PURPOSE.

configure:3358: $? = 0
configure:3347: gcc -v >&5
Using built-in specs.
COLLECT_GCC=gcc
COLLECT_LTO_WRAPPER=/usr/libexec/gcc/i686-linux-gnu/4.8.1/lto-wrapper
Target: i686-linux-gnu
Configured with: ./../configure --prefix=/usr --sysconfdir=/etc/ --mandir=/usr/share/man --localstatedir=/var --infodir=/usr/share/info --libdir=/usr/lib --host=i686-linux-gnu --build=i686-linux-gnu --with-ecj-jar=/usr/share/java/ecj-3.5.2.jar --enable-lto --enable-cloog-backend=isl --enable-java-home --with-system-zlib --target=i686-linux-gnu --with-sysroot=/ --with-jvm-root-dir=/usr/lib/jvm/gcj-jdk --enable-languages=c,c++,fortran,java,lto,objc,obj-c++,go,ada
Thread model: posix
gcc version 4.8.1 20130530 (prerelease) (GCC) 
configure:3358: $? = 0
configure:3347: gcc -V >&5
gcc: error: unrecognized command line option '-V'
gcc: fatal error: no input files
compilation terminated.
configure:3358: $? = 1
configure:3347: gcc -qversion >&5
gcc: error: unrecognized command line option '-qversion'
gcc: fatal error: no input files
compilation terminated.
configure:3358: $? = 1
configure:3378: checking whether the C compiler works
configure:3400: gcc    conftest.c  >&5
configure:3404: $? = 0
configure:3452: result: yes
configure:3455: checking for C compiler default output file name
configure:3457: result: a.out
configure:3463: checking for suffix of executables
configure:3470: gcc -o conftest    conftest.c  >&5
configure:3474: $? = 0
configure:3496: result: 
configure:3518: checking whether we are cross compiling
configure:3526: gcc -o conftest    conftest.c  >&5
configure:3530: $? = 0
configure:3537: ./conftest
configure:3541: $? = 0
configure:3556: result: no
configure:3561: checking for suffix of object files
configure:3583: gcc -c   conftest.c >&5
configure:3587: $? = 0
configure:3608: result: o
configure:3612: checking whether we are using the GNU C compiler
configure:3631: gcc -c   conftest.c >&5
configure:3631: $? = 0
configure:3640: result: yes
configure:3649: checking whether gcc accepts -g
configure:3669: gcc -c -g  conftest.c >&5
configure:3669: $? = 0
configure:3710: result: yes
configure:3727: checking for gcc option to accept ISO C89
configure:3790: gcc  -c -g -O2  conftest.c >&5
configure:3790: $? = 0
configure:3803: result: none needed
configure:3825: checking dependency style of gcc
configure:3936: result: none
configure:3957: checking how to run the C preprocessor
configure:3988: gcc -E  conftest.c
configure:3988: $? = 0
configure:4002: gcc -E  conftest.c
conftest.c:11:28: fatal error: ac_nonexistent.h: No such file or directory
 #include <ac_nonexistent.h>
                            ^
compilation terminated.
configure:4002: $? = 1
configure: failed program was:
| /* confdefs.h */
| #define PACKAGE_NAME "libnl-doc"
| #define PACKAGE_TARNAME "libnl-doc"
| #define PACKAGE_VERSION "3.2.22"
| #define PACKAGE_STRING "libnl-doc 3.2.22"
| #define PACKAGE_BUGREPORT "http://www.infradead.org/~tgr/libnl/"
| #define PACKAGE_URL ""
| #define PACKAGE "libnl-doc"
| #define VERSION "3.2.22"
| /* end confdefs.h.  */
| #include <ac_nonexistent.h>
configure:4027: result: gcc -E
configure:4047: gcc -E  conftest.c
configure:4047: $? = 0
configure:4061: gcc -E  conftest.c
conftest.c:11:28: fatal error: ac_nonexistent.h: No such file or directory
 #include <ac_nonexistent.h>
                            ^
compilation terminated.
configure:4061: $? = 1
configure: failed program was:
| /* confdefs.h */
| #define PACKAGE_NAME "libnl-doc"
| #define PACKAGE_TARNAME "libnl-doc"
| #define PACKAGE_VERSION "3.2.22"
| #define PACKAGE_STRING "libnl-doc 3.2.22"
| #define PACKAGE_BUGREPORT "http://www.infradead.org/~tgr/libnl/"
| #define PACKAGE_URL ""
| #define PACKAGE "libnl-doc"
| #define VERSION "3.2.22"
| /* end confdefs.h.  */
| #include <ac_nonexistent.h>
configure:4090: checking for ANSI C header files
configure:4110: gcc -c -g -O2  conftest.c >&5
configure:4110: $? = 0
configure:4183: gcc -o conftest -g -O2   conftest.c  >&5
configure:4183: $? = 0
configure:4183: ./conftest
configure:4183: $? = 0
configure:4194: result: yes
configure:4207: checking for sys/types.h
configure:4207: gcc -c -g -O2  conftest.c >&5
configure:4207: $? = 0
configure:4207: result: yes
configure:4207: checking for sys/stat.h
configure:4207: gcc -c -g -O2  conftest.c >&5
configure:4207: $? = 0
configure:4207: result: yes
configure:4207: checking for stdlib.h
configure:4207: gcc -c -g -O2  conftest.c >&5
configure:4207: $? = 0
configure:4207: result: yes
configure:4207: checking for string.h
configure:4207: gcc -c -g -O2  conftest.c >&5
configure:4207: $? = 0
configure:4207: result: yes
configure:4207: checking for memory.h
configure:4207: gcc -c -g -O2  conftest.c >&5
configure:4207: $? = 0
configure:4207: result: yes
configure:4207: checking for strings.h
configure:4207: gcc -c -g -O2  conftest.c >&5
configure:4207: $? = 0
configure:4207: result: yes
configure:4207: checking for inttypes.h
configure:4207: gcc -c -g -O2  conftest.c >&5
configure:4207: $? = 0
configure:4207: result: yes
configure:4207: checking for stdint.h
configure:4207: gcc -c -g -O2  conftest.c >&5
configure:4207: $? = 0
configure:4207: result: yes
configure:4207: checking for unistd.h
configure:4207: gcc -c -g -O2  conftest.c >&5
configure:4207: $? = 0
configure:4207: result: yes
configure:4219: checking for python build information
configure:4221: result: 
configure:4228: checking for python3.3
configure:4244: found /usr/bin/python3.3
configure:4255: result: python3.3
configure:4269: checking for main in -lpython3.3
configure:4288: gcc -o conftest -g -O2   conftest.c -lpython3.3   >&5
/usr/lib/gcc/i686-linux-gnu/4.8.1/../../../../i686-linux-gnu/bin/ld: cannot find -lpython3.3
collect2: error: ld returned 1 exit status
configure:4288: $? = 1
configure: failed program was:
| /* confdefs.h */
| #define PACKAGE_NAME "libnl-doc"
| #define PACKAGE_TARNAME "libnl-doc"
| #define PACKAGE_VERSION "3.2.22"
| #define PACKAGE_STRING "libnl-doc 3.2.22"
| #define PACKAGE_BUGREPORT "http://www.infradead.org/~tgr/libnl/"
| #define PACKAGE_URL ""
| #define PACKAGE "libnl-doc"
| #define VERSION "3.2.22"
| #define STDC_HEADERS 1
| #define HAVE_SYS_TYPES_H 1
| #define HAVE_SYS_STAT_H 1
| #define HAVE_STDLIB_H 1
| #define HAVE_STRING_H 1
| #define HAVE_MEMORY_H 1
| #define HAVE_STRINGS_H 1
| #define HAVE_INTTYPES_H 1
| #define HAVE_STDINT_H 1
| #define HAVE_UNISTD_H 1
| /* end confdefs.h.  */
| 
| 
| int
| main ()
| {
| return main ();
|   ;
|   return 0;
| }
configure:4298: result: no
configure:4307: checking python3.3/Python.h usability
configure:4307: gcc -c -g -O2  conftest.c >&5
conftest.c:54:30: fatal error: python3.3/Python.h: No such file or directory
 #include <python3.3/Python.h>
                              ^
compilation terminated.
configure:4307: $? = 1
configure: failed program was:
| /* confdefs.h */
| #define PACKAGE_NAME "libnl-doc"
| #define PACKAGE_TARNAME "libnl-doc"
| #define PACKAGE_VERSION "3.2.22"
| #define PACKAGE_STRING "libnl-doc 3.2.22"
| #define PACKAGE_BUGREPORT "http://www.infradead.org/~tgr/libnl/"
| #define PACKAGE_URL ""
| #define PACKAGE "libnl-doc"
| #define VERSION "3.2.22"
| #define STDC_HEADERS 1
| #define HAVE_SYS_TYPES_H 1
| #define HAVE_SYS_STAT_H 1
| #define HAVE_STDLIB_H 1
| #define HAVE_STRING_H 1
| #define HAVE_MEMORY_H 1
| #define HAVE_STRINGS_H 1
| #define HAVE_INTTYPES_H 1
| #define HAVE_STDINT_H 1
| #define HAVE_UNISTD_H 1
| /* end confdefs.h.  */
| #include <stdio.h>
| #ifdef HAVE_SYS_TYPES_H
| # include <sys/types.h>
| #endif
| #ifdef HAVE_SYS_STAT_H
| # include <sys/stat.h>
| #endif
| #ifdef STDC_HEADERS
| # include <stdlib.h>
| # include <stddef.h>
| #else
| # ifdef HAVE_STDLIB_H
| #  include <stdlib.h>
| # endif
| #endif
| #ifdef HAVE_STRING_H
| # if !defined STDC_HEADERS && defined HAVE_MEMORY_H
| #  include <memory.h>
| # endif
| # include <string.h>
| #endif
| #ifdef HAVE_STRINGS_H
| # include <strings.h>
| #endif
| #ifdef HAVE_INTTYPES_H
| # include <inttypes.h>
| #endif
| #ifdef HAVE_STDINT_H
| # include <stdint.h>
| #endif
| #ifdef HAVE_UNISTD_H
| # include <unistd.h>
| #endif
| #include <python3.3/Python.h>
configure:4307: result: no
configure:4307: checking python3.3/Python.h presence
configure:4307: gcc -E  conftest.c
conftest.c:21:30: fatal error: python3.3/Python.h: No such file or directory
 #include <python3.3/Python.h>
                              ^
compilation terminated.
configure:4307: $? = 1
configure: failed program was:
| /* confdefs.h */
| #define PACKAGE_NAME "libnl-doc"
| #define PACKAGE_TARNAME "libnl-doc"
| #define PACKAGE_VERSION "3.2.22"
| #define PACKAGE_STRING "libnl-doc 3.2.22"
| #define PACKAGE_BUGREPORT "http://www.infradead.org/~tgr/libnl/"
| #define PACKAGE_URL ""
| #define PACKAGE "libnl-doc"
| #define VERSION "3.2.22"
| #define STDC_HEADERS 1
| #define HAVE_SYS_TYPES_H 1
| #define HAVE_SYS_STAT_H 1
| #define HAVE_STDLIB_H 1
| #define HAVE_STRING_H 1
| #define HAVE_MEMORY_H 1
| #define HAVE_STRINGS_H 1
| #define HAVE_INTTYPES_H 1
| #define HAVE_STDINT_H 1
| #define HAVE_UNISTD_H 1
| /* end confdefs.h.  */
| #include <python3.3/Python.h>
configure:4307: result: no
configure:4307: checking for python3.3/Python.h
configure:4307: result: no
configure:4228: checking for python3.2
configure:4255: result: python3.3
configure:4269: checking for main in -lpython3.3
configure:4298: result: no
configure:4307: checking for python3.3/Python.h
configure:4307: result: no
configure:4228: checking for python3.1
configure:4255: result: python3.3
configure:4269: checking for main in -lpython3.3
configure:4298: result: no
configure:4307: checking for python3.3/Python.h
configure:4307: result: no
configure:4228: checking for python3.0
configure:4255: result: python3.3
configure:4269: checking for main in -lpython3.3
configure:4298: result: no
configure:4307: checking for python3.3/Python.h
configure:4307: result: no
configure:4228: checking for python2.7
configure:4255: result: python3.3
configure:4269: checking for main in -lpython3.3
configure:4298: result: no
configure:4307: checking for python3.3/Python.h
configure:4307: result: no
configure:4228: checking for python2.6
configure:4255: result: python3.3
configure:4269: checking for main in -lpython3.3
configure:4298: result: no
configure:4307: checking for python3.3/Python.h
configure:4307: result: no
configure:4228: checking for python2.5
configure:4255: result: python3.3
configure:4269: checking for main in -lpython3.3
configure:4298: result: no
configure:4307: checking for python3.3/Python.h
configure:4307: result: no
configure:4228: checking for python2.4
configure:4255: result: python3.3
configure:4269: checking for main in -lpython3.3
configure:4298: result: no
configure:4307: checking for python3.3/Python.h
configure:4307: result: no
configure:4228: checking for python2.3
configure:4255: result: python3.3
configure:4269: checking for main in -lpython3.3
configure:4298: result: no
configure:4307: checking for python3.3/Python.h
configure:4307: result: no
configure:4228: checking for python2.2
configure:4255: result: python3.3
configure:4269: checking for main in -lpython3.3
configure:4298: result: no
configure:4307: checking for python3.3/Python.h
configure:4307: result: no
configure:4228: checking for python2.1
configure:4255: result: python3.3
configure:4269: checking for main in -lpython3.3
configure:4298: result: no
configure:4307: checking for python3.3/Python.h
configure:4307: result: no
configure:4228: checking for python
configure:4255: result: python3.3
configure:4269: checking for main in -lpython3.3
configure:4298: result: no
configure:4307: checking for python3.3/Python.h
configure:4307: result: no
configure:4332: result:   results of the Python check:
configure:4334: result:     Binary:      python3.3
configure:4336: result:     Library:     no
configure:4338: result:     Include Dir: no
configure:4353: checking for doxygen
configure:4369: found /usr/bin/doxygen
configure:4381: result: yes
configure:4395: checking for dot
configure:4423: result: no
configure:4435: WARNING: *** graphviz not found, disabling building of API reference
configure:4443: checking for asciidoc
configure:4471: result: no
configure:4483: WARNING: *** asciidoc not found, disabling building of guides
configure:4490: checking for source-highlight
configure:4518: result: no
configure:4530: WARNING: *** source-highlight not found, disabling building of guides
configure:4538: checking for mscgen
configure:4566: result: no
configure:4575: WARNING: *** mscgen not found, get it at http://www.mcternan.me.uk/mscgen/
configure:4580: WARNING: *** Disabling building of guides
configure:4589: checking for pygmentize
configure:4617: result: no
configure:4629: WARNING: *** Disabling building of guides
configure:4637: WARNING: *** Disabling API linking due to missing doxygen package
configure:4825: checking that generated files are newer than configure
configure:4831: result: done
configure:4870: creating ./config.status

## ---------------------- ##
## Running config.status. ##
## ---------------------- ##

This file was extended by libnl-doc config.status 3.2.22, which was
generated by GNU Autoconf 2.69.  Invocation command line was

  CONFIG_FILES    = 
  CONFIG_HEADERS  = 
  CONFIG_LINKS    = 
  CONFIG_COMMANDS = 
  $ ./config.status 

on ns2

config.status:795: creating Doxyfile
config.status:795: creating Makefile
config.status:967: executing depfiles commands

## ---------------- ##
## Cache variables. ##
## ---------------- ##

ac_cv_c_compiler_gnu=yes
ac_cv_env_CC_set=
ac_cv_env_CC_value=
ac_cv_env_CFLAGS_set=
ac_cv_env_CFLAGS_value=
ac_cv_env_CPPFLAGS_set=
ac_cv_env_CPPFLAGS_value=
ac_cv_env_CPP_set=
ac_cv_env_CPP_value=
ac_cv_env_LDFLAGS_set=
ac_cv_env_LDFLAGS_value=
ac_cv_env_LIBS_set=
ac_cv_env_LIBS_value=
ac_cv_env_build_alias_set=
ac_cv_env_build_alias_value=
ac_cv_env_host_alias_set=
ac_cv_env_host_alias_value=
ac_cv_env_target_alias_set=
ac_cv_env_target_alias_value=
ac_cv_header_inttypes_h=yes
ac_cv_header_memory_h=yes
ac_cv_header_python3_3_Python_h=no
ac_cv_header_stdc=yes
ac_cv_header_stdint_h=yes
ac_cv_header_stdlib_h=yes
ac_cv_header_string_h=yes
ac_cv_header_strings_h=yes
ac_cv_header_sys_stat_h=yes
ac_cv_header_sys_types_h=yes
ac_cv_header_unistd_h=yes
ac_cv_lib_python3_3___main=no
ac_cv_objext=o
ac_cv_path_EGREP='/usr/bin/grep -E'
ac_cv_path_GREP=/usr/bin/grep
ac_cv_path_SED=/usr/bin/sed
ac_cv_path_install='/usr/bin/ginstall -c'
ac_cv_path_mkdir=/usr/bin/mkdir
ac_cv_prog_AWK=gawk
ac_cv_prog_CPP='gcc -E'
ac_cv_prog_HAVE_ASCIIDOC=no
ac_cv_prog_HAVE_DOT=no
ac_cv_prog_HAVE_DOXYGEN=yes
ac_cv_prog_HAVE_MSCGEN=no
ac_cv_prog_HAVE_PYGMENTIZE=no
ac_cv_prog_HAVE_SOURCE_HIGHLIGHT=no
ac_cv_prog_PYTHON_BIN=python3.3
ac_cv_prog_ac_ct_CC=gcc
ac_cv_prog_cc_c89=
ac_cv_prog_cc_g=yes
ac_cv_prog_make_make_set=yes
am_cv_CC_dependencies_compiler_type=none
am_cv_make_support_nested_variables=yes

## ----------------- ##
## Output variables. ##
## ----------------- ##

ACLOCAL='${SHELL} /usr/src/libnl/libnl/doc/build-aux/missing aclocal-1.13'
AMDEPBACKSLASH='\'
AMDEP_FALSE='#'
AMDEP_TRUE=''
AMTAR='$${TAR-tar}'
AM_BACKSLASH='\'
AM_DEFAULT_V='$(AM_DEFAULT_VERBOSITY)'
AM_DEFAULT_VERBOSITY='0'
AM_V='$(V)'
AUTOCONF='${SHELL} /usr/src/libnl/libnl/doc/build-aux/missing autoconf'
AUTOHEADER='${SHELL} /usr/src/libnl/libnl/doc/build-aux/missing autoheader'
AUTOMAKE='${SHELL} /usr/src/libnl/libnl/doc/build-aux/missing automake-1.13'
AWK='gawk'
CC='gcc'
CCDEPMODE='depmode=none'
CFLAGS='-g -O2'
CPP='gcc -E'
CPPFLAGS=''
CYGPATH_W='echo'
DEFS='-DPACKAGE_NAME=\"libnl-doc\" -DPACKAGE_TARNAME=\"libnl-doc\" -DPACKAGE_VERSION=\"3.2.22\" -DPACKAGE_STRING=\"libnl-doc\ 3.2.22\" -DPACKAGE_BUGREPORT=\"http://www.infradead.org/\~tgr/libnl/\" -DPACKAGE_URL=\"\" -DPACKAGE=\"libnl-doc\" -DVERSION=\"3.2.22\" -DSTDC_HEADERS=1 -DHAVE_SYS_TYPES_H=1 -DHAVE_SYS_STAT_H=1 -DHAVE_STDLIB_H=1 -DHAVE_STRING_H=1 -DHAVE_MEMORY_H=1 -DHAVE_STRINGS_H=1 -DHAVE_INTTYPES_H=1 -DHAVE_STDINT_H=1 -DHAVE_UNISTD_H=1'
DEPDIR='.deps'
ECHO_C=''
ECHO_N='-n'
ECHO_T=''
EGREP='/usr/bin/grep -E'
EXEEXT=''
GENERATE_DOC_FALSE='#'
GENERATE_DOC_TRUE=''
GREP='/usr/bin/grep'
HAVE_ASCIIDOC='no'
HAVE_ASCIIDOC_FALSE=''
HAVE_ASCIIDOC_TRUE='#'
HAVE_DOT='no'
HAVE_DOXYGEN='no'
HAVE_DOXYGEN_FALSE=''
HAVE_DOXYGEN_TRUE='#'
HAVE_MSCGEN='no'
HAVE_PYGMENTIZE='no'
HAVE_SOURCE_HIGHLIGHT='no'
INSTALL_DATA='${INSTALL} -m 644'
INSTALL_PROGRAM='${INSTALL}'
INSTALL_SCRIPT='${INSTALL}'
INSTALL_STRIP_PROGRAM='$(install_sh) -c -s'
LDFLAGS=''
LIBOBJS=''
LIBS=''
LINK_DOC_FALSE=''
LINK_DOC_TRUE='#'
LTLIBOBJS=''
MAKEINFO='${SHELL} /usr/src/libnl/libnl/doc/build-aux/missing makeinfo'
MKDIR_P='/usr/bin/mkdir -p'
OBJEXT='o'
PACKAGE='libnl-doc'
PACKAGE_BUGREPORT='http://www.infradead.org/~tgr/libnl/'
PACKAGE_NAME='libnl-doc'
PACKAGE_STRING='libnl-doc 3.2.22'
PACKAGE_TARNAME='libnl-doc'
PACKAGE_URL=''
PACKAGE_VERSION='3.2.22'
PATH_SEPARATOR=':'
PYTHON_BIN='python3.3'
PYTHON_INCLUDE_DIR=''
PYTHON_LIB=''
SED='/usr/bin/sed'
SET_MAKE=''
SHELL='/bin/sh'
STRIP=''
VERSION='3.2.22'
ac_ct_CC='gcc'
am__EXEEXT_FALSE=''
am__EXEEXT_TRUE='#'
am__fastdepCC_FALSE=''
am__fastdepCC_TRUE='#'
am__include='include'
am__isrc=''
am__leading_dot='.'
am__nodep='_no'
am__quote=''
am__tar='$${TAR-tar} chof - "$$tardir"'
am__untar='$${TAR-tar} xf -'
bindir='${exec_prefix}/bin'
build_alias=''
datadir='${datarootdir}'
datarootdir='${prefix}/share'
docdir='${datarootdir}/doc/${PACKAGE_TARNAME}'
dvidir='${docdir}'
exec_prefix='${prefix}'
host_alias=''
htmldir='${docdir}'
includedir='${prefix}/include'
infodir='${datarootdir}/info'
install_sh='${SHELL} /usr/src/libnl/libnl/doc/build-aux/install-sh'
libdir='${exec_prefix}/lib'
libexecdir='${exec_prefix}/libexec'
localedir='${datarootdir}/locale'
localstatedir='${prefix}/var'
mandir='${datarootdir}/man'
mkdir_p='$(MKDIR_P)'
oldincludedir='/usr/include'
pdfdir='${docdir}'
prefix='/usr'
program_transform_name='s,x,x,'
psdir='${docdir}'
sbindir='${exec_prefix}/sbin'
sharedstatedir='${prefix}/com'
sysconfdir='${prefix}/etc'
target_alias=''

## ----------- ##
## confdefs.h. ##
## ----------- ##

/* confdefs.h */
#define PACKAGE_NAME "libnl-doc"
#define PACKAGE_TARNAME "libnl-doc"
#define PACKAGE_VERSION "3.2.22"
#define PACKAGE_STRING "libnl-doc 3.2.22"
#define PACKAGE_BUGREPORT "http://www.infradead.org/~tgr/libnl/"
#define PACKAGE_URL ""
#define PACKAGE "libnl-doc"
#define VERSION "3.2.22"
#define STDC_HEADERS 1
#define HAVE_SYS_TYPES_H 1
#define HAVE_SYS_STAT_H 1
#define HAVE_STDLIB_H 1
#define HAVE_STRING_H 1
#define HAVE_MEMORY_H 1
#define HAVE_STRINGS_H 1
#define HAVE_INTTYPES_H 1
#define HAVE_STDINT_H 1
#define HAVE_UNISTD_H 1

configure: exit 0
